<?xml version="1.0" encoding="UTF-8"?>
<!-- Generated by org.testng.reporters.JUnitReportReporter -->
<testsuite skipped="0" hostname="Vova-ПК" name="core.SubtractTest" tests="4" failures="0" timestamp="24 авг 2017 06:04:59 GMT" time="0.094" errors="0">
  <testcase name="divide_test_3_param" time="0.015" classname="core.SubtractTest"/>
  <testcase name="divide_test_4_param" time="0.016" classname="core.SubtractTest"/>
  <testcase name="divide_test_2_param" time="0.047" classname="core.SubtractTest"/>
  <testcase name="divide_test_instanceOf" time="0.016" classname="core.SubtractTest"/>
</testsuite> <!-- core.SubtractTest -->
