<?xml version="1.0" encoding="UTF-8"?>
<!-- Generated by org.testng.reporters.JUnitReportReporter -->
<testsuite skipped="0" hostname="Vova-ПК" name="core.DivideTest" tests="4" failures="0" timestamp="25 авг 2017 03:04:22 GMT" time="0.048" errors="0">
  <testcase name="divide_test_3_param" time="0.002" classname="core.DivideTest"/>
  <testcase name="divide_test_4_param" time="0.002" classname="core.DivideTest"/>
  <testcase name="divide_test_instanceOf" time="0.006" classname="core.DivideTest"/>
  <testcase name="divide_test_2_param" time="0.038" classname="core.DivideTest"/>
</testsuite> <!-- core.DivideTest -->
