<?xml version="1.0" encoding="UTF-8"?>
<!-- Generated by org.testng.reporters.JUnitReportReporter -->
<testsuite skipped="0" hostname="Vova-ПК" name="core.AddTest" tests="4" failures="0" timestamp="24 авг 2017 06:27:05 GMT" time="0.031" errors="0">
  <testcase name="add_test_3_param" time="0.000" classname="core.AddTest"/>
  <testcase name="add_test_4_param" time="0.000" classname="core.AddTest"/>
  <testcase name="add_test_2_param" time="0.031" classname="core.AddTest"/>
  <testcase name="add_test_instanceOf" time="0.000" classname="core.AddTest"/>
</testsuite> <!-- core.AddTest -->
