<?xml version="1.0" encoding="UTF-8"?>
<!-- Generated by org.testng.reporters.JUnitReportReporter -->
<testsuite skipped="0" hostname="Vova-ПК" name="core.MultiplyTest" tests="4" failures="0" timestamp="24 авг 2017 06:34:21 GMT" time="0.035" errors="0">
  <testcase name="divide_test_3_param" time="0.000" classname="core.MultiplyTest"/>
  <testcase name="divide_test_4_param" time="0.000" classname="core.MultiplyTest"/>
  <testcase name="divide_test_2_param" time="0.031" classname="core.MultiplyTest"/>
  <testcase name="divide_test_instanceOf" time="0.004" classname="core.MultiplyTest"/>
</testsuite> <!-- core.MultiplyTest -->
