<?xml version="1.0" encoding="UTF-8"?>
<!-- Generated by org.testng.reporters.JUnitReportReporter -->
<testsuite skipped="0" hostname="Vova-ПК" name="core.PrimeNumberCheckerTest" tests="99" failures="0" timestamp="25 авг 2017 05:32:06 GMT" time="1.158" errors="0">
  <testcase name="test" time="0.078" classname="core.PrimeNumberCheckerTest"/>
  <testcase name="test" time="0.000" classname="core.PrimeNumberCheckerTest"/>
  <testcase name="test" time="0.015" classname="core.PrimeNumberCheckerTest"/>
  <testcase name="test" time="0.000" classname="core.PrimeNumberCheckerTest"/>
  <testcase name="test" time="0.000" classname="core.PrimeNumberCheckerTest"/>
  <testcase name="test" time="0.015" classname="core.PrimeNumberCheckerTest"/>
  <testcase name="test" time="0.000" classname="core.PrimeNumberCheckerTest"/>
  <testcase name="test" time="0.000" classname="core.PrimeNumberCheckerTest"/>
  <testcase name="test" time="0.000" classname="core.PrimeNumberCheckerTest"/>
  <testcase name="test" time="0.000" classname="core.PrimeNumberCheckerTest"/>
  <testcase name="test" time="0.016" classname="core.PrimeNumberCheckerTest"/>
  <testcase name="test" time="0.000" classname="core.PrimeNumberCheckerTest"/>
  <testcase name="test" time="0.000" classname="core.PrimeNumberCheckerTest"/>
  <testcase name="test" time="0.093" classname="core.PrimeNumberCheckerTest"/>
  <testcase name="test" time="0.000" classname="core.PrimeNumberCheckerTest"/>
  <testcase name="test" time="0.017" classname="core.PrimeNumberCheckerTest"/>
  <testcase name="test" time="0.000" classname="core.PrimeNumberCheckerTest"/>
  <testcase name="test" time="0.016" classname="core.PrimeNumberCheckerTest"/>
  <testcase name="test" time="0.000" classname="core.PrimeNumberCheckerTest"/>
  <testcase name="test" time="0.000" classname="core.PrimeNumberCheckerTest"/>
  <testcase name="test" time="0.016" classname="core.PrimeNumberCheckerTest"/>
  <testcase name="test" time="0.000" classname="core.PrimeNumberCheckerTest"/>
  <testcase name="test" time="0.016" classname="core.PrimeNumberCheckerTest"/>
  <testcase name="test" time="0.015" classname="core.PrimeNumberCheckerTest"/>
  <testcase name="test" time="0.016" classname="core.PrimeNumberCheckerTest"/>
  <testcase name="test" time="0.000" classname="core.PrimeNumberCheckerTest"/>
  <testcase name="test" time="0.000" classname="core.PrimeNumberCheckerTest"/>
  <testcase name="test" time="0.016" classname="core.PrimeNumberCheckerTest"/>
  <testcase name="test" time="0.015" classname="core.PrimeNumberCheckerTest"/>
  <testcase name="test" time="0.016" classname="core.PrimeNumberCheckerTest"/>
  <testcase name="test" time="0.000" classname="core.PrimeNumberCheckerTest"/>
  <testcase name="test" time="0.000" classname="core.PrimeNumberCheckerTest"/>
  <testcase name="test" time="0.000" classname="core.PrimeNumberCheckerTest"/>
  <testcase name="test" time="0.016" classname="core.PrimeNumberCheckerTest"/>
  <testcase name="test" time="0.000" classname="core.PrimeNumberCheckerTest"/>
  <testcase name="test" time="0.016" classname="core.PrimeNumberCheckerTest"/>
  <testcase name="test" time="0.000" classname="core.PrimeNumberCheckerTest"/>
  <testcase name="test" time="0.000" classname="core.PrimeNumberCheckerTest"/>
  <testcase name="test" time="0.016" classname="core.PrimeNumberCheckerTest"/>
  <testcase name="test" time="0.016" classname="core.PrimeNumberCheckerTest"/>
  <testcase name="test" time="0.000" classname="core.PrimeNumberCheckerTest"/>
  <testcase name="test" time="0.016" classname="core.PrimeNumberCheckerTest"/>
  <testcase name="test" time="0.015" classname="core.PrimeNumberCheckerTest"/>
  <testcase name="test" time="0.000" classname="core.PrimeNumberCheckerTest"/>
  <testcase name="test" time="0.015" classname="core.PrimeNumberCheckerTest"/>
  <testcase name="test" time="0.000" classname="core.PrimeNumberCheckerTest"/>
  <testcase name="test" time="0.000" classname="core.PrimeNumberCheckerTest"/>
  <testcase name="test" time="0.016" classname="core.PrimeNumberCheckerTest"/>
  <testcase name="test" time="0.000" classname="core.PrimeNumberCheckerTest"/>
  <testcase name="test" time="0.016" classname="core.PrimeNumberCheckerTest"/>
  <testcase name="test" time="0.016" classname="core.PrimeNumberCheckerTest"/>
  <testcase name="test" time="0.015" classname="core.PrimeNumberCheckerTest"/>
  <testcase name="test" time="0.031" classname="core.PrimeNumberCheckerTest"/>
  <testcase name="test" time="0.000" classname="core.PrimeNumberCheckerTest"/>
  <testcase name="test" time="0.000" classname="core.PrimeNumberCheckerTest"/>
  <testcase name="test" time="0.016" classname="core.PrimeNumberCheckerTest"/>
  <testcase name="test" time="0.000" classname="core.PrimeNumberCheckerTest"/>
  <testcase name="test" time="0.000" classname="core.PrimeNumberCheckerTest"/>
  <testcase name="test" time="0.078" classname="core.PrimeNumberCheckerTest"/>
  <testcase name="test" time="0.000" classname="core.PrimeNumberCheckerTest"/>
  <testcase name="test" time="0.000" classname="core.PrimeNumberCheckerTest"/>
  <testcase name="test" time="0.000" classname="core.PrimeNumberCheckerTest"/>
  <testcase name="test" time="0.000" classname="core.PrimeNumberCheckerTest"/>
  <testcase name="test" time="0.015" classname="core.PrimeNumberCheckerTest"/>
  <testcase name="test" time="0.015" classname="core.PrimeNumberCheckerTest"/>
  <testcase name="test" time="0.000" classname="core.PrimeNumberCheckerTest"/>
  <testcase name="test" time="0.015" classname="core.PrimeNumberCheckerTest"/>
  <testcase name="test" time="0.016" classname="core.PrimeNumberCheckerTest"/>
  <testcase name="test" time="0.000" classname="core.PrimeNumberCheckerTest"/>
  <testcase name="test" time="0.000" classname="core.PrimeNumberCheckerTest"/>
  <testcase name="test" time="0.000" classname="core.PrimeNumberCheckerTest"/>
  <testcase name="test" time="0.000" classname="core.PrimeNumberCheckerTest"/>
  <testcase name="test" time="0.032" classname="core.PrimeNumberCheckerTest"/>
  <testcase name="test" time="0.016" classname="core.PrimeNumberCheckerTest"/>
  <testcase name="test" time="0.016" classname="core.PrimeNumberCheckerTest"/>
  <testcase name="test" time="0.000" classname="core.PrimeNumberCheckerTest"/>
  <testcase name="test" time="0.000" classname="core.PrimeNumberCheckerTest"/>
  <testcase name="test" time="0.000" classname="core.PrimeNumberCheckerTest"/>
  <testcase name="test" time="0.000" classname="core.PrimeNumberCheckerTest"/>
  <testcase name="test" time="0.015" classname="core.PrimeNumberCheckerTest"/>
  <testcase name="test" time="0.000" classname="core.PrimeNumberCheckerTest"/>
  <testcase name="test" time="0.000" classname="core.PrimeNumberCheckerTest"/>
  <testcase name="test" time="0.000" classname="core.PrimeNumberCheckerTest"/>
  <testcase name="test" time="0.000" classname="core.PrimeNumberCheckerTest"/>
  <testcase name="test" time="0.047" classname="core.PrimeNumberCheckerTest"/>
  <testcase name="test" time="0.000" classname="core.PrimeNumberCheckerTest"/>
  <testcase name="test" time="0.016" classname="core.PrimeNumberCheckerTest"/>
  <testcase name="test" time="0.000" classname="core.PrimeNumberCheckerTest"/>
  <testcase name="test" time="0.140" classname="core.PrimeNumberCheckerTest"/>
  <testcase name="test" time="0.016" classname="core.PrimeNumberCheckerTest"/>
  <testcase name="test" time="0.031" classname="core.PrimeNumberCheckerTest"/>
  <testcase name="test" time="0.016" classname="core.PrimeNumberCheckerTest"/>
  <testcase name="test" time="0.047" classname="core.PrimeNumberCheckerTest"/>
  <testcase name="test" time="0.016" classname="core.PrimeNumberCheckerTest"/>
  <testcase name="test" time="0.015" classname="core.PrimeNumberCheckerTest"/>
  <testcase name="test" time="0.016" classname="core.PrimeNumberCheckerTest"/>
  <testcase name="test" time="0.000" classname="core.PrimeNumberCheckerTest"/>
  <testcase name="test" time="0.000" classname="core.PrimeNumberCheckerTest"/>
  <testcase name="test" time="0.000" classname="core.PrimeNumberCheckerTest"/>
</testsuite> <!-- core.PrimeNumberCheckerTest -->
