<?xml version="1.0" encoding="UTF-8"?>
<!-- Generated by org.testng.reporters.JUnitReportReporter -->
<testsuite skipped="0" hostname="Vova-ПК" name="core.PrimeNumberCheckerTest" tests="99" failures="0" timestamp="25 авг 2017 03:58:54 GMT" time="0.484" errors="0">
  <testcase name="test" time="0.000" classname="core.PrimeNumberCheckerTest"/>
  <testcase name="test" time="0.016" classname="core.PrimeNumberCheckerTest"/>
  <testcase name="test" time="0.000" classname="core.PrimeNumberCheckerTest"/>
  <testcase name="test" time="0.000" classname="core.PrimeNumberCheckerTest"/>
  <testcase name="test" time="0.016" classname="core.PrimeNumberCheckerTest"/>
  <testcase name="test" time="0.000" classname="core.PrimeNumberCheckerTest"/>
  <testcase name="test" time="0.000" classname="core.PrimeNumberCheckerTest"/>
  <testcase name="test" time="0.000" classname="core.PrimeNumberCheckerTest"/>
  <testcase name="test" time="0.000" classname="core.PrimeNumberCheckerTest"/>
  <testcase name="test" time="0.016" classname="core.PrimeNumberCheckerTest"/>
  <testcase name="test" time="0.000" classname="core.PrimeNumberCheckerTest"/>
  <testcase name="test" time="0.000" classname="core.PrimeNumberCheckerTest"/>
  <testcase name="test" time="0.000" classname="core.PrimeNumberCheckerTest"/>
  <testcase name="test" time="0.000" classname="core.PrimeNumberCheckerTest"/>
  <testcase name="test" time="0.000" classname="core.PrimeNumberCheckerTest"/>
  <testcase name="test" time="0.000" classname="core.PrimeNumberCheckerTest"/>
  <testcase name="test" time="0.000" classname="core.PrimeNumberCheckerTest"/>
  <testcase name="test" time="0.000" classname="core.PrimeNumberCheckerTest"/>
  <testcase name="test" time="0.000" classname="core.PrimeNumberCheckerTest"/>
  <testcase name="test" time="0.000" classname="core.PrimeNumberCheckerTest"/>
  <testcase name="test" time="0.000" classname="core.PrimeNumberCheckerTest"/>
  <testcase name="test" time="0.000" classname="core.PrimeNumberCheckerTest"/>
  <testcase name="test" time="0.000" classname="core.PrimeNumberCheckerTest"/>
  <testcase name="test" time="0.000" classname="core.PrimeNumberCheckerTest"/>
  <testcase name="test" time="0.000" classname="core.PrimeNumberCheckerTest"/>
  <testcase name="test" time="0.000" classname="core.PrimeNumberCheckerTest"/>
  <testcase name="test" time="0.000" classname="core.PrimeNumberCheckerTest"/>
  <testcase name="test" time="0.000" classname="core.PrimeNumberCheckerTest"/>
  <testcase name="test" time="0.000" classname="core.PrimeNumberCheckerTest"/>
  <testcase name="test" time="0.000" classname="core.PrimeNumberCheckerTest"/>
  <testcase name="test" time="0.000" classname="core.PrimeNumberCheckerTest"/>
  <testcase name="test" time="0.000" classname="core.PrimeNumberCheckerTest"/>
  <testcase name="test" time="0.000" classname="core.PrimeNumberCheckerTest"/>
  <testcase name="test" time="0.000" classname="core.PrimeNumberCheckerTest"/>
  <testcase name="test" time="0.000" classname="core.PrimeNumberCheckerTest"/>
  <testcase name="test" time="0.000" classname="core.PrimeNumberCheckerTest"/>
  <testcase name="test" time="0.000" classname="core.PrimeNumberCheckerTest"/>
  <testcase name="test" time="0.000" classname="core.PrimeNumberCheckerTest"/>
  <testcase name="test" time="0.015" classname="core.PrimeNumberCheckerTest"/>
  <testcase name="test" time="0.000" classname="core.PrimeNumberCheckerTest"/>
  <testcase name="test" time="0.000" classname="core.PrimeNumberCheckerTest"/>
  <testcase name="test" time="0.015" classname="core.PrimeNumberCheckerTest"/>
  <testcase name="test" time="0.000" classname="core.PrimeNumberCheckerTest"/>
  <testcase name="test" time="0.015" classname="core.PrimeNumberCheckerTest"/>
  <testcase name="test" time="0.016" classname="core.PrimeNumberCheckerTest"/>
  <testcase name="test" time="0.000" classname="core.PrimeNumberCheckerTest"/>
  <testcase name="test" time="0.000" classname="core.PrimeNumberCheckerTest"/>
  <testcase name="test" time="0.031" classname="core.PrimeNumberCheckerTest"/>
  <testcase name="test" time="0.000" classname="core.PrimeNumberCheckerTest"/>
  <testcase name="test" time="0.000" classname="core.PrimeNumberCheckerTest"/>
  <testcase name="test" time="0.016" classname="core.PrimeNumberCheckerTest"/>
  <testcase name="test" time="0.000" classname="core.PrimeNumberCheckerTest"/>
  <testcase name="test" time="0.016" classname="core.PrimeNumberCheckerTest"/>
  <testcase name="test" time="0.000" classname="core.PrimeNumberCheckerTest"/>
  <testcase name="test" time="0.047" classname="core.PrimeNumberCheckerTest"/>
  <testcase name="test" time="0.016" classname="core.PrimeNumberCheckerTest"/>
  <testcase name="test" time="0.000" classname="core.PrimeNumberCheckerTest"/>
  <testcase name="test" time="0.015" classname="core.PrimeNumberCheckerTest"/>
  <testcase name="test" time="0.000" classname="core.PrimeNumberCheckerTest"/>
  <testcase name="test" time="0.016" classname="core.PrimeNumberCheckerTest"/>
  <testcase name="test" time="0.000" classname="core.PrimeNumberCheckerTest"/>
  <testcase name="test" time="0.047" classname="core.PrimeNumberCheckerTest"/>
  <testcase name="test" time="0.000" classname="core.PrimeNumberCheckerTest"/>
  <testcase name="test" time="0.000" classname="core.PrimeNumberCheckerTest"/>
  <testcase name="test" time="0.015" classname="core.PrimeNumberCheckerTest"/>
  <testcase name="test" time="0.000" classname="core.PrimeNumberCheckerTest"/>
  <testcase name="test" time="0.000" classname="core.PrimeNumberCheckerTest"/>
  <testcase name="test" time="0.000" classname="core.PrimeNumberCheckerTest"/>
  <testcase name="test" time="0.000" classname="core.PrimeNumberCheckerTest"/>
  <testcase name="test" time="0.000" classname="core.PrimeNumberCheckerTest"/>
  <testcase name="test" time="0.016" classname="core.PrimeNumberCheckerTest"/>
  <testcase name="test" time="0.000" classname="core.PrimeNumberCheckerTest"/>
  <testcase name="test" time="0.000" classname="core.PrimeNumberCheckerTest"/>
  <testcase name="test" time="0.000" classname="core.PrimeNumberCheckerTest"/>
  <testcase name="test" time="0.000" classname="core.PrimeNumberCheckerTest"/>
  <testcase name="test" time="0.000" classname="core.PrimeNumberCheckerTest"/>
  <testcase name="test" time="0.000" classname="core.PrimeNumberCheckerTest"/>
  <testcase name="test" time="0.000" classname="core.PrimeNumberCheckerTest"/>
  <testcase name="test" time="0.000" classname="core.PrimeNumberCheckerTest"/>
  <testcase name="test" time="0.000" classname="core.PrimeNumberCheckerTest"/>
  <testcase name="test" time="0.000" classname="core.PrimeNumberCheckerTest"/>
  <testcase name="test" time="0.000" classname="core.PrimeNumberCheckerTest"/>
  <testcase name="test" time="0.016" classname="core.PrimeNumberCheckerTest"/>
  <testcase name="test" time="0.000" classname="core.PrimeNumberCheckerTest"/>
  <testcase name="test" time="0.000" classname="core.PrimeNumberCheckerTest"/>
  <testcase name="test" time="0.000" classname="core.PrimeNumberCheckerTest"/>
  <testcase name="test" time="0.000" classname="core.PrimeNumberCheckerTest"/>
  <testcase name="test" time="0.000" classname="core.PrimeNumberCheckerTest"/>
  <testcase name="test" time="0.000" classname="core.PrimeNumberCheckerTest"/>
  <testcase name="test" time="0.000" classname="core.PrimeNumberCheckerTest"/>
  <testcase name="test" time="0.000" classname="core.PrimeNumberCheckerTest"/>
  <testcase name="test" time="0.000" classname="core.PrimeNumberCheckerTest"/>
  <testcase name="test" time="0.000" classname="core.PrimeNumberCheckerTest"/>
  <testcase name="test" time="0.093" classname="core.PrimeNumberCheckerTest"/>
  <testcase name="test" time="0.000" classname="core.PrimeNumberCheckerTest"/>
  <testcase name="test" time="0.000" classname="core.PrimeNumberCheckerTest"/>
  <testcase name="test" time="0.015" classname="core.PrimeNumberCheckerTest"/>
  <testcase name="test" time="0.016" classname="core.PrimeNumberCheckerTest"/>
  <testcase name="test" time="0.000" classname="core.PrimeNumberCheckerTest"/>
</testsuite> <!-- core.PrimeNumberCheckerTest -->
